200612 214750.830|CONFIG|main|setFileHandlers|Now logging to C:\Users\Do Hung Anh\Desktop\CacMonHoc\CauTrucDuLieuVaGiaiThuat\Contest\pc2Client\bin\logs directory.
200612 214750.830|INFO|main|info|
200612 214750.845|INFO|main|info|Version 9.6.0 20190102 (Wednesday, January 2nd 2019 01:20 UTC) Java ver 11.0.6 build 5102 Windows 10 10.0 (amd64) 
200612 214750.845|INFO|main|startLog|Working directory is C:\Users\Do Hung Anh\Desktop\CacMonHoc\CauTrucDuLieuVaGiaiThuat\Contest\pc2Client\bin
200612 214750.939|INFO|main|startLog|Process id is 1472@DESKTOP-76SCFF5
200612 214750.939|INFO|main|start|Starting ConnectionManager...
200612 214751.774|INFO|main|start|Started ConnectionManager
200612 214751.774|INFO|main|setClientServerAndPort|INIFile File location: file:/C:/Users/Do%20Hung%20Anh/Desktop/CacMonHoc/CauTrucDuLieuVaGiaiThuat/Contest/pc2Client/bin/pc2v9.ini
200612 214751.774|INFO|main|setClientServerAndPort|setClientServerAndPort 203.162.88.119 parsed as 203.162.88.119 port 53002
200612 214751.774|INFO|main|info|Contacting server at 203.162.88.119:53002
200612 214751.790|INFO|main|connectToMyServer|Connecting to 203.162.88.119:53002
200612 214751.899|INFO|Thread-0|receiveUnencrypted|receiveUnencrypted(TransportWrapper, ConnectionHandlerID=Socket[addr=/203.162.88.119,port=53002,localport=61419]--3937451316529952311)
200612 214751.962|INFO|Thread-0|receiveUnencrypted|receiveUnencrypted Made a secret key for Socket[addr=/203.162.88.119,port=53002,localport=61419]--3937451316529952311 key is com.sun.crypto.provider.DESKey@181fb
200612 214751.962|INFO|Thread-0|getPublicKeyPacket|Generating Unencrypted Public Key Packet
200612 214751.977|INFO|Thread-0|getPublicKeyPacket|checking key:= SunJCE Diffie-Hellman Public Key:
y:
    9673b849 ef77071e 7e2275c9 a5e97ef6 4b4c31c3 8b14b17f d9bc6a5a c1c186f2
    cf599427 b69a6b6c fa4b66a8 9d6a25e6 8114f4e2 e026d86f 98aa751f 52e2d10c
    5edb2f7b 0da0268a c2d72e4c c91dbc1c e9d6bae0 8df0115c 6ddc26d1 f8ae7793
    28282f15 87371539 655eaed9 290c62d3 aee3f85d b27674aa 22959eb4 c9e7491a
p:
    f488fd58 4e49dbcd 20b49de4 9107366b 336c380d 451d0f7c 88b31c7c 5b2d8ef6
    f3c923c0 43f0a55b 188d8ebb 558cb85d 38d334fd 7c175743 a31d186c de33212c
    b52aff3c e1b12940 18118d7c 84a70a72 d686c403 19c80729 7aca950c d9969fab
    d00a509b 0246d308 3d66a45d 419f9c7c bd894b22 1926baab a25ec355 e92f78c7
g:
    02
l:
    512
200612 214751.977|INFO|Thread-0|getPublicKeyPacket|packet:= edu.csus.ecs.pc2.core.transport.TransportWrapper@7f08c851
200612 220417.832|INFO|Thread-0|receive|SocketException in receive for Socket[addr=/203.162.88.119,port=53002,localport=61419]--3937451316529952311
|java.net.SocketException: Network is unreachable: recv failed
|    at java.net.SocketInputStream.socketRead0 (SocketInputStream.java:-2)
|    at java.net.SocketInputStream.socketRead (SocketInputStream.java:115)
|    at java.net.SocketInputStream.read (SocketInputStream.java:168)
|    at java.net.SocketInputStream.read (SocketInputStream.java:140)
|    at java.net.SocketInputStream.read (SocketInputStream.java:200)
|    at java.io.ObjectInputStream$PeekInputStream.peek (ObjectInputStream.java:2778)
|    at java.io.ObjectInputStream$BlockDataInputStream.peek (ObjectInputStream.java:3105)
|    at java.io.ObjectInputStream$BlockDataInputStream.peekByte (ObjectInputStream.java:3115)
|    at java.io.ObjectInputStream.readObject0 (ObjectInputStream.java:1597)
|    at java.io.ObjectInputStream.readObject (ObjectInputStream.java:464)
|    at java.io.ObjectInputStream.readObject (ObjectInputStream.java:422)
|    at edu.csus.ecs.pc2.core.transport.ConnectionHandlerThread.receive (ConnectionHandlerThread.java:151)
|    at edu.csus.ecs.pc2.core.transport.ConnectionHandlerClientThread.run (ConnectionHandlerClientThread.java:65)
200612 220417.838|FINER|Thread-0|run|THROW
|edu.csus.ecs.pc2.core.transport.TransportException: Network is unreachable: recv failed
|    at edu.csus.ecs.pc2.core.transport.ConnectionHandlerThread.receive (ConnectionHandlerThread.java:155)
|    at edu.csus.ecs.pc2.core.transport.ConnectionHandlerClientThread.run (ConnectionHandlerClientThread.java:65)
200612 220417.839|INFO|Thread-0|receive|SocketException in receive for Socket[addr=/203.162.88.119,port=53002,localport=61419]--3937451316529952311
|java.net.SocketException: Connection reset
|    at java.net.SocketInputStream.read (SocketInputStream.java:186)
|    at java.net.SocketInputStream.read (SocketInputStream.java:140)
|    at java.net.SocketInputStream.read (SocketInputStream.java:200)
|    at java.io.ObjectInputStream$PeekInputStream.peek (ObjectInputStream.java:2778)
|    at java.io.ObjectInputStream$BlockDataInputStream.peek (ObjectInputStream.java:3105)
|    at java.io.ObjectInputStream$BlockDataInputStream.peekByte (ObjectInputStream.java:3115)
|    at java.io.ObjectInputStream.readObject0 (ObjectInputStream.java:1597)
|    at java.io.ObjectInputStream.readObject (ObjectInputStream.java:464)
|    at java.io.ObjectInputStream.readObject (ObjectInputStream.java:422)
|    at edu.csus.ecs.pc2.core.transport.ConnectionHandlerThread.receive (ConnectionHandlerThread.java:151)
|    at edu.csus.ecs.pc2.core.transport.ConnectionHandlerClientThread.run (ConnectionHandlerClientThread.java:65)
200612 220417.841|FINER|Thread-0|run|THROW
|edu.csus.ecs.pc2.core.transport.TransportException: Connection reset
|    at edu.csus.ecs.pc2.core.transport.ConnectionHandlerThread.receive (ConnectionHandlerThread.java:155)
|    at edu.csus.ecs.pc2.core.transport.ConnectionHandlerClientThread.run (ConnectionHandlerClientThread.java:65)
