200419 212803.104|CONFIG|main|setFileHandlers|Now logging to C:\Users\Do Hung Anh\Desktop\CacMonHoc\CauTrucDuLieuVaGiaiThuat\Contest\pc2Client\bin\logs directory.
200419 212803.104|INFO|main|info|
200419 212803.120|INFO|main|info|Version 9.6.0 20190102 (Wednesday, January 2nd 2019 01:20 UTC) Java ver 11.0.6 build 5102 Windows 10 10.0 (amd64) 
200419 212803.120|INFO|main|startLog|Working directory is C:\Users\Do Hung Anh\Desktop\CacMonHoc\CauTrucDuLieuVaGiaiThuat\Contest\pc2Client\bin
200419 212803.167|INFO|main|startLog|Process id is 8812@DESKTOP-76SCFF5
200419 212803.167|INFO|main|start|Starting ConnectionManager...
200419 212803.379|INFO|main|start|Started ConnectionManager
200419 212803.387|INFO|main|setClientServerAndPort|INIFile File location: file:/C:/Users/Do%20Hung%20Anh/Desktop/CacMonHoc/CauTrucDuLieuVaGiaiThuat/Contest/pc2Client/bin/pc2v9.ini
200419 212803.387|INFO|main|setClientServerAndPort|setClientServerAndPort 203.162.88.119 parsed as 203.162.88.119 port 50002
200419 212803.387|INFO|main|info|Contacting server at 203.162.88.119:50002
200419 212803.388|INFO|main|connectToMyServer|Connecting to 203.162.88.119:50002
200419 212803.449|INFO|Thread-0|receiveUnencrypted|receiveUnencrypted(TransportWrapper, ConnectionHandlerID=Socket[addr=/203.162.88.119,port=50002,localport=59898]--2903980784930185391)
200419 212803.469|INFO|Thread-0|receiveUnencrypted|receiveUnencrypted Made a secret key for Socket[addr=/203.162.88.119,port=50002,localport=59898]--2903980784930185391 key is com.sun.crypto.provider.DESKey@fffe78f9
200419 212803.469|INFO|Thread-0|getPublicKeyPacket|Generating Unencrypted Public Key Packet
200419 212803.469|INFO|Thread-0|getPublicKeyPacket|checking key:= SunJCE Diffie-Hellman Public Key:
y:
    2e41ecfc fd904c62 9e3f7c13 75ac0a20 8dbf7622 dd81569f 9d18715f 776b60e3
    2c0e85c9 69e9ba5d 2f98f8d0 a0759d17 756ceb11 bcee149b 22d56e2a e8c3bc16
    8839f9aa c401d70f a665d75a 85013139 eef02c11 ea7c0f9b 1ed658e3 aad3a5a4
    45a62df8 ae5ffd98 90735c34 fdf35d6c 8122de64 aa60226a 73419b3d 5ca7291b
p:
    f488fd58 4e49dbcd 20b49de4 9107366b 336c380d 451d0f7c 88b31c7c 5b2d8ef6
    f3c923c0 43f0a55b 188d8ebb 558cb85d 38d334fd 7c175743 a31d186c de33212c
    b52aff3c e1b12940 18118d7c 84a70a72 d686c403 19c80729 7aca950c d9969fab
    d00a509b 0246d308 3d66a45d 419f9c7c bd894b22 1926baab a25ec355 e92f78c7
g:
    02
l:
    512
200419 212803.469|INFO|Thread-0|getPublicKeyPacket|packet:= edu.csus.ecs.pc2.core.transport.TransportWrapper@115f24e1
200419 230350.398|INFO|Thread-0|receive|Exception in receive for Socket[addr=/203.162.88.119,port=50002,localport=59898]--2903980784930185391
|java.net.SocketTimeoutException: Read timed out
|    at java.net.SocketInputStream.socketRead0 (SocketInputStream.java:-2)
|    at java.net.SocketInputStream.socketRead (SocketInputStream.java:115)
|    at java.net.SocketInputStream.read (SocketInputStream.java:168)
|    at java.net.SocketInputStream.read (SocketInputStream.java:140)
|    at java.net.SocketInputStream.read (SocketInputStream.java:200)
|    at java.io.ObjectInputStream$PeekInputStream.peek (ObjectInputStream.java:2778)
|    at java.io.ObjectInputStream$BlockDataInputStream.peek (ObjectInputStream.java:3105)
|    at java.io.ObjectInputStream$BlockDataInputStream.peekByte (ObjectInputStream.java:3115)
|    at java.io.ObjectInputStream.readObject0 (ObjectInputStream.java:1597)
|    at java.io.ObjectInputStream.readObject (ObjectInputStream.java:464)
|    at java.io.ObjectInputStream.readObject (ObjectInputStream.java:422)
|    at edu.csus.ecs.pc2.core.transport.ConnectionHandlerThread.receive (ConnectionHandlerThread.java:151)
|    at edu.csus.ecs.pc2.core.transport.ConnectionHandlerClientThread.run (ConnectionHandlerClientThread.java:65)
200419 230350.402|FINER|Thread-0|run|THROW
|edu.csus.ecs.pc2.core.transport.TransportException: Read timed out
|    at edu.csus.ecs.pc2.core.transport.ConnectionHandlerThread.receive (ConnectionHandlerThread.java:161)
|    at edu.csus.ecs.pc2.core.transport.ConnectionHandlerClientThread.run (ConnectionHandlerClientThread.java:65)
200419 230350.403|INFO|Thread-0|receive|SocketException in receive for Socket[addr=/203.162.88.119,port=50002,localport=59898]--2903980784930185391
|java.net.SocketException: Connection reset
|    at java.net.SocketInputStream.read (SocketInputStream.java:186)
|    at java.net.SocketInputStream.read (SocketInputStream.java:140)
|    at java.net.SocketInputStream.read (SocketInputStream.java:200)
|    at java.io.ObjectInputStream$PeekInputStream.peek (ObjectInputStream.java:2778)
|    at java.io.ObjectInputStream$BlockDataInputStream.peek (ObjectInputStream.java:3105)
|    at java.io.ObjectInputStream$BlockDataInputStream.peekByte (ObjectInputStream.java:3115)
|    at java.io.ObjectInputStream.readObject0 (ObjectInputStream.java:1597)
|    at java.io.ObjectInputStream.readObject (ObjectInputStream.java:464)
|    at java.io.ObjectInputStream.readObject (ObjectInputStream.java:422)
|    at edu.csus.ecs.pc2.core.transport.ConnectionHandlerThread.receive (ConnectionHandlerThread.java:151)
|    at edu.csus.ecs.pc2.core.transport.ConnectionHandlerClientThread.run (ConnectionHandlerClientThread.java:65)
200419 230350.404|FINER|Thread-0|run|THROW
|edu.csus.ecs.pc2.core.transport.TransportException: Connection reset
|    at edu.csus.ecs.pc2.core.transport.ConnectionHandlerThread.receive (ConnectionHandlerThread.java:155)
|    at edu.csus.ecs.pc2.core.transport.ConnectionHandlerClientThread.run (ConnectionHandlerClientThread.java:65)
