200420 094231.306|CONFIG|main|setFileHandlers|Now logging to C:\Users\Do Hung Anh\Desktop\CacMonHoc\CauTrucDuLieuVaGiaiThuat\Contest\pc2Client\bin\logs directory.
200420 094231.313|INFO|main|info|
200420 094231.319|INFO|main|info|Version 9.6.0 20190102 (Wednesday, January 2nd 2019 01:20 UTC) Java ver 11.0.6 build 5102 Windows 10 10.0 (amd64) 
200420 094231.321|INFO|main|startLog|Working directory is C:\Users\Do Hung Anh\Desktop\CacMonHoc\CauTrucDuLieuVaGiaiThuat\Contest\pc2Client\bin
200420 094231.431|INFO|main|startLog|Process id is 5152@DESKTOP-76SCFF5
200420 094231.431|INFO|main|start|Starting ConnectionManager...
200420 094231.891|INFO|main|start|Started ConnectionManager
200420 094231.895|INFO|main|setClientServerAndPort|INIFile File location: file:/C:/Users/Do%20Hung%20Anh/Desktop/CacMonHoc/CauTrucDuLieuVaGiaiThuat/Contest/pc2Client/bin/pc2v9.ini
200420 094231.896|INFO|main|setClientServerAndPort|setClientServerAndPort 203.162.88.119 parsed as 203.162.88.119 port 50002
200420 094231.897|INFO|main|info|Contacting server at 203.162.88.119:50002
200420 094231.898|INFO|main|connectToMyServer|Connecting to 203.162.88.119:50002
200420 094231.980|INFO|Thread-0|receiveUnencrypted|receiveUnencrypted(TransportWrapper, ConnectionHandlerID=Socket[addr=/203.162.88.119,port=50002,localport=63151]-3471019271171122828)
200420 094232.009|INFO|Thread-0|receiveUnencrypted|receiveUnencrypted Made a secret key for Socket[addr=/203.162.88.119,port=50002,localport=63151]-3471019271171122828 key is com.sun.crypto.provider.DESKey@fffe7f47
200420 094232.011|INFO|Thread-0|getPublicKeyPacket|Generating Unencrypted Public Key Packet
200420 094232.012|INFO|Thread-0|getPublicKeyPacket|checking key:= SunJCE Diffie-Hellman Public Key:
y:
    cb4bf3bb e2298fc5 a1b2369d 0a343fa3 3fdbfd90 cae91a68 76752801 c53bb2d8
    802e7a8d ecc59489 68c2b627 2c298a3a 24a8d747 9b806ea3 1eadd7d1 d9075d0e
    bcdf05c0 f43bee1d 48300de0 352788b8 9573560c f82b96e8 edcbb654 dda54142
    89fd4f95 12fc954d b9f08697 26a868f8 ecf9c6f5 97d6aafc e958bd38 592bde8c
p:
    f488fd58 4e49dbcd 20b49de4 9107366b 336c380d 451d0f7c 88b31c7c 5b2d8ef6
    f3c923c0 43f0a55b 188d8ebb 558cb85d 38d334fd 7c175743 a31d186c de33212c
    b52aff3c e1b12940 18118d7c 84a70a72 d686c403 19c80729 7aca950c d9969fab
    d00a509b 0246d308 3d66a45d 419f9c7c bd894b22 1926baab a25ec355 e92f78c7
g:
    02
l:
    512
200420 094232.013|INFO|Thread-0|getPublicKeyPacket|packet:= edu.csus.ecs.pc2.core.transport.TransportWrapper@7a4efcfc
200420 121113.080|INFO|Thread-0|receive|Exception in receive for Socket[addr=/203.162.88.119,port=50002,localport=63151]-3471019271171122828
|java.net.SocketTimeoutException: Read timed out
|    at java.net.SocketInputStream.socketRead0 (SocketInputStream.java:-2)
|    at java.net.SocketInputStream.socketRead (SocketInputStream.java:115)
|    at java.net.SocketInputStream.read (SocketInputStream.java:168)
|    at java.net.SocketInputStream.read (SocketInputStream.java:140)
|    at java.net.SocketInputStream.read (SocketInputStream.java:200)
|    at java.io.ObjectInputStream$PeekInputStream.peek (ObjectInputStream.java:2778)
|    at java.io.ObjectInputStream$BlockDataInputStream.peek (ObjectInputStream.java:3105)
|    at java.io.ObjectInputStream$BlockDataInputStream.peekByte (ObjectInputStream.java:3115)
|    at java.io.ObjectInputStream.readObject0 (ObjectInputStream.java:1597)
|    at java.io.ObjectInputStream.readObject (ObjectInputStream.java:464)
|    at java.io.ObjectInputStream.readObject (ObjectInputStream.java:422)
|    at edu.csus.ecs.pc2.core.transport.ConnectionHandlerThread.receive (ConnectionHandlerThread.java:151)
|    at edu.csus.ecs.pc2.core.transport.ConnectionHandlerClientThread.run (ConnectionHandlerClientThread.java:65)
200420 121113.107|FINER|Thread-0|run|THROW
|edu.csus.ecs.pc2.core.transport.TransportException: Read timed out
|    at edu.csus.ecs.pc2.core.transport.ConnectionHandlerThread.receive (ConnectionHandlerThread.java:161)
|    at edu.csus.ecs.pc2.core.transport.ConnectionHandlerClientThread.run (ConnectionHandlerClientThread.java:65)
200420 121113.108|INFO|Thread-0|receive|SocketException in receive for Socket[addr=/203.162.88.119,port=50002,localport=63151]-3471019271171122828
|java.net.SocketException: Connection reset
|    at java.net.SocketInputStream.read (SocketInputStream.java:186)
|    at java.net.SocketInputStream.read (SocketInputStream.java:140)
|    at java.net.SocketInputStream.read (SocketInputStream.java:200)
|    at java.io.ObjectInputStream$PeekInputStream.peek (ObjectInputStream.java:2778)
|    at java.io.ObjectInputStream$BlockDataInputStream.peek (ObjectInputStream.java:3105)
|    at java.io.ObjectInputStream$BlockDataInputStream.peekByte (ObjectInputStream.java:3115)
|    at java.io.ObjectInputStream.readObject0 (ObjectInputStream.java:1597)
|    at java.io.ObjectInputStream.readObject (ObjectInputStream.java:464)
|    at java.io.ObjectInputStream.readObject (ObjectInputStream.java:422)
|    at edu.csus.ecs.pc2.core.transport.ConnectionHandlerThread.receive (ConnectionHandlerThread.java:151)
|    at edu.csus.ecs.pc2.core.transport.ConnectionHandlerClientThread.run (ConnectionHandlerClientThread.java:65)
200420 121113.108|FINER|Thread-0|run|THROW
|edu.csus.ecs.pc2.core.transport.TransportException: Connection reset
|    at edu.csus.ecs.pc2.core.transport.ConnectionHandlerThread.receive (ConnectionHandlerThread.java:155)
|    at edu.csus.ecs.pc2.core.transport.ConnectionHandlerClientThread.run (ConnectionHandlerClientThread.java:65)
