200418 161143.919|CONFIG|main|setFileHandlers|Now logging to C:\Users\Do Hung Anh\Desktop\CacMonHoc\CauTrucDuLieuVaGiaiThuat\Contest\pc2Client\bin\logs directory.
200418 161143.919|INFO|main|info|
200418 161143.919|INFO|main|info|Version 9.6.0 20190102 (Wednesday, January 2nd 2019 01:20 UTC) Java ver 11.0.6 build 5102 Windows 10 10.0 (amd64) 
200418 161143.919|INFO|main|startLog|Working directory is C:\Users\Do Hung Anh\Desktop\CacMonHoc\CauTrucDuLieuVaGiaiThuat\Contest\pc2Client\bin
200418 161143.966|INFO|main|startLog|Process id is 8232@DESKTOP-76SCFF5
200418 161143.966|INFO|main|start|Starting ConnectionManager...
200418 161144.154|INFO|main|start|Started ConnectionManager
200418 161144.170|INFO|main|setClientServerAndPort|INIFile File location: file:/C:/Users/Do%20Hung%20Anh/Desktop/CacMonHoc/CauTrucDuLieuVaGiaiThuat/Contest/pc2Client/bin/pc2v9.ini
200418 161144.170|INFO|main|setClientServerAndPort|setClientServerAndPort 203.162.88.119 parsed as 203.162.88.119 port 50002
200418 161144.170|INFO|main|info|Contacting server at 203.162.88.119:50002
200418 161144.170|INFO|main|connectToMyServer|Connecting to 203.162.88.119:50002
200418 161144.315|INFO|Thread-0|receiveUnencrypted|receiveUnencrypted(TransportWrapper, ConnectionHandlerID=Socket[addr=/203.162.88.119,port=50002,localport=54445]--2251667996969107558)
200418 161144.351|INFO|Thread-0|receiveUnencrypted|receiveUnencrypted Made a secret key for Socket[addr=/203.162.88.119,port=50002,localport=54445]--2251667996969107558 key is com.sun.crypto.provider.DESKey@fffe7972
200418 161144.351|INFO|Thread-0|getPublicKeyPacket|Generating Unencrypted Public Key Packet
200418 161144.353|INFO|Thread-0|getPublicKeyPacket|checking key:= SunJCE Diffie-Hellman Public Key:
y:
    013451da 921ba846 0328d5c3 3f1f06d0 3f565f60 6445e317 94700f7a fdd23c02
    db680e35 b6c160f1 de5e85bf c84bca63 7027285f bf054205 de9200ff 06d84662
    ddb11dab 97c84803 c36c092a db396cd2 e05c8a5f 74a80b5c 91b893ba 048c8d61
    52e4ea71 c5f9ad55 aa7e94b6 126d2779 60e05b2d d4dd4782 334dc3c8 339dd38c
p:
    f488fd58 4e49dbcd 20b49de4 9107366b 336c380d 451d0f7c 88b31c7c 5b2d8ef6
    f3c923c0 43f0a55b 188d8ebb 558cb85d 38d334fd 7c175743 a31d186c de33212c
    b52aff3c e1b12940 18118d7c 84a70a72 d686c403 19c80729 7aca950c d9969fab
    d00a509b 0246d308 3d66a45d 419f9c7c bd894b22 1926baab a25ec355 e92f78c7
g:
    02
l:
    512
200418 161144.353|INFO|Thread-0|getPublicKeyPacket|packet:= edu.csus.ecs.pc2.core.transport.TransportWrapper@22092e35
200418 175839.950|INFO|Thread-0|receive|Exception in receive for Socket[addr=/203.162.88.119,port=50002,localport=54445]--2251667996969107558
|java.net.SocketTimeoutException: Read timed out
|    at java.net.SocketInputStream.socketRead0 (SocketInputStream.java:-2)
|    at java.net.SocketInputStream.socketRead (SocketInputStream.java:115)
|    at java.net.SocketInputStream.read (SocketInputStream.java:168)
|    at java.net.SocketInputStream.read (SocketInputStream.java:140)
|    at java.net.SocketInputStream.read (SocketInputStream.java:200)
|    at java.io.ObjectInputStream$PeekInputStream.peek (ObjectInputStream.java:2778)
|    at java.io.ObjectInputStream$BlockDataInputStream.peek (ObjectInputStream.java:3105)
|    at java.io.ObjectInputStream$BlockDataInputStream.peekByte (ObjectInputStream.java:3115)
|    at java.io.ObjectInputStream.readObject0 (ObjectInputStream.java:1597)
|    at java.io.ObjectInputStream.readObject (ObjectInputStream.java:464)
|    at java.io.ObjectInputStream.readObject (ObjectInputStream.java:422)
|    at edu.csus.ecs.pc2.core.transport.ConnectionHandlerThread.receive (ConnectionHandlerThread.java:151)
|    at edu.csus.ecs.pc2.core.transport.ConnectionHandlerClientThread.run (ConnectionHandlerClientThread.java:65)
200418 175839.953|FINER|Thread-0|run|THROW
|edu.csus.ecs.pc2.core.transport.TransportException: Read timed out
|    at edu.csus.ecs.pc2.core.transport.ConnectionHandlerThread.receive (ConnectionHandlerThread.java:161)
|    at edu.csus.ecs.pc2.core.transport.ConnectionHandlerClientThread.run (ConnectionHandlerClientThread.java:65)
200418 175839.954|INFO|Thread-0|receive|SocketException in receive for Socket[addr=/203.162.88.119,port=50002,localport=54445]--2251667996969107558
|java.net.SocketException: Connection reset
|    at java.net.SocketInputStream.read (SocketInputStream.java:186)
|    at java.net.SocketInputStream.read (SocketInputStream.java:140)
|    at java.net.SocketInputStream.read (SocketInputStream.java:200)
|    at java.io.ObjectInputStream$PeekInputStream.peek (ObjectInputStream.java:2778)
|    at java.io.ObjectInputStream$BlockDataInputStream.peek (ObjectInputStream.java:3105)
|    at java.io.ObjectInputStream$BlockDataInputStream.peekByte (ObjectInputStream.java:3115)
|    at java.io.ObjectInputStream.readObject0 (ObjectInputStream.java:1597)
|    at java.io.ObjectInputStream.readObject (ObjectInputStream.java:464)
|    at java.io.ObjectInputStream.readObject (ObjectInputStream.java:422)
|    at edu.csus.ecs.pc2.core.transport.ConnectionHandlerThread.receive (ConnectionHandlerThread.java:151)
|    at edu.csus.ecs.pc2.core.transport.ConnectionHandlerClientThread.run (ConnectionHandlerClientThread.java:65)
200418 175839.955|FINER|Thread-0|run|THROW
|edu.csus.ecs.pc2.core.transport.TransportException: Connection reset
|    at edu.csus.ecs.pc2.core.transport.ConnectionHandlerThread.receive (ConnectionHandlerThread.java:155)
|    at edu.csus.ecs.pc2.core.transport.ConnectionHandlerClientThread.run (ConnectionHandlerClientThread.java:65)
